Grammar

    0 $accept: Goal $end

    1 Goal: MainClass ClassDeclaration EndOfFile

    2 MainClass: ClassWord PT_ID LeftBrace MainFunction RightBrace

    3 ClassDeclaration: /* empty */
    4                 | Class ClassDeclaration

    5 Class: ClassStart LeftBrace ClassInternals RightBrace

    6 ClassStart: ClassWord PT_ID Extends

    7 Extends: /* empty */
    8        | ExtendsWord PT_ID

    9 ClassInternals: /* empty */
   10               | Function ClassInternals
   11               | Variable ClassInternals

   12 MainFunction: PT_Public PT_Static PT_Void PT_Main MainArgument LeftBrace Statement RightBrace

   13 MainArgument: PT_String PT_LeftSquareBracket PT_RightSquareBracket PT_ID

   14 Function: Visibility PT_ID ArgumentsList LeftBrace Statement Return RightBrace

   15 Visibility: PT_Public
   16           | PT_Private

   17 Return: PT_Return Expression Semicolon

   18 ArgumentsList: LeftRoundBracket RightRoundBracket
   19              | LeftRoundBracket Argument RightRoundBracket

   20 Argument: Variable
   21         | Variable PT_Coma Argument

   22 Variable: Type PT_ID Semicolon

   23 Type: Integer
   24     | Integer PT_LeftSquareBracket PT_RightSquareBracket
   25     | Boolean
   26     | PT_ID

   27 Statement: /* empty */
   28          | StatementList

   29 StatementList: LeftBrace StatementList RightBrace
   30              | If LeftRoundBracket Expression RightRoundBracket StatementList PT_Else Statement
   31              | While LeftRoundBracket Expression RightRoundBracket StatementList
   32              | Print LeftRoundBracket Expression RightRoundBracket Semicolon
   33              | PT_ID Equals Expression Semicolon
   34              | PT_ID PT_LeftSquareBracket Expression PT_RightSquareBracket Equals Expression Semicolon

   35 Expression: Expression BinaryOperator Expression
   36           | Expression PT_LeftSquareBracket Expression PT_RightSquareBracket
   37           | Expression MethodCall Length
   38           | Expression MethodCall FunctionCall
   39           | IntegerLiteral
   40           | True
   41           | False
   42           | PT_ID
   43           | This
   44           | New Integer PT_LeftSquareBracket Expression PT_RightSquareBracket
   45           | New PT_ID LeftRoundBracket RightRoundBracket
   46           | Not Expression
   47           | LeftRoundBracket Expression RightRoundBracket

   48 BinaryOperator: PT_Plus
   49               | PT_Minus
   50               | PT_Division
   51               | PT_IntegerDivision
   52               | PT_And
   53               | PT_Or
   54               | PT_Multiplication
   55               | PT_Less
   56               | PT_More

   57 MethodCall: PT_Dot

   58 FunctionCall: PT_ID LeftRoundBracket ExpressionList RightRoundBracket

   59 ExpressionList: /* empty */
   60               | Expressions

   61 Expressions: Expression
   62            | Expression PT_Coma Expression

   63 True: PT_True

   64 False: PT_False

   65 This: PT_This

   66 ClassWord: PT_Class

   67 EndOfFile: PT_EOF

   68 ExtendsWord: PT_Extends

   69 Equals: PT_Equal

   70 If: PT_If

   71 Integer: PT_Integer

   72 IntegerLiteral: PT_Number

   73 Boolean: PT_Boolean

   74 LeftBrace: PT_LeftBrace

   75 RightBrace: PT_RightBrace

   76 LeftRoundBracket: PT_LeftRoundBracket

   77 RightRoundBracket: PT_RightRoundBracket

   78 Length: PT_Length

   79 New: PT_New

   80 Not: PT_Negation

   81 Print: PT_Print

   82 Semicolon: PT_Semicolon

   83 While: PT_While


Terminals, with rules where they appear

$end (0) 0
error (256)
PT_Void (258) 12
PT_String (259) 13
PT_Integer (260) 71
PT_Number (261) 72
PT_Boolean (262) 73
PT_True (263) 63
PT_False (264) 64
PT_Class (265) 66
PT_Static (266) 12
PT_Public (267) 12 15
PT_Private (268) 16
PT_Extends (269) 68
PT_Main (270) 12
PT_Print (271) 81
PT_If (272) 70
PT_While (273) 83
PT_Else (274) 30
PT_Length (275) 78
PT_This (276) 65
PT_New (277) 79
PT_Semicolon (278) 82
PT_ID (279) 2 6 8 13 14 22 26 33 34 42 45 58
PT_EOF (280) 67
PT_Dot (281) 57
PT_Coma (282) 21 62
PT_Return (283) 17
PT_LeftBrace (284) 74
PT_LeftSquareBracket (285) 13 24 34 36 44
PT_LeftRoundBracket (286) 76
PT_RightBrace (287) 75
PT_RightSquareBracket (288) 13 24 34 36 44
PT_RightRoundBracket (289) 77
PT_Or (290) 53
PT_And (291) 52
PT_IntegerDivision (292) 51
PT_Division (293) 50
PT_Multiplication (294) 54
PT_Less (295) 55
PT_More (296) 56
PT_Equal (297) 69
PT_Minus (298) 49
PT_Plus (299) 48
PT_Negation (300) 80
BRACKETS (301)
ARRAY (302)
LENGTH (303)
CALL (304)
NEW_ID (305)
NEW_INT (306)
BINARY (307)
NOT (308)


Nonterminals, with rules where they appear

$accept (54)
    on left: 0
Goal (55)
    on left: 1, on right: 0
MainClass (56)
    on left: 2, on right: 1
ClassDeclaration (57)
    on left: 3 4, on right: 1 4
Class (58)
    on left: 5, on right: 4
ClassStart (59)
    on left: 6, on right: 5
Extends (60)
    on left: 7 8, on right: 6
ClassInternals (61)
    on left: 9 10 11, on right: 5 10 11
MainFunction (62)
    on left: 12, on right: 2
MainArgument (63)
    on left: 13, on right: 12
Function (64)
    on left: 14, on right: 10
Visibility (65)
    on left: 15 16, on right: 14
Return (66)
    on left: 17, on right: 14
ArgumentsList (67)
    on left: 18 19, on right: 14
Argument (68)
    on left: 20 21, on right: 19 21
Variable (69)
    on left: 22, on right: 11 20 21
Type (70)
    on left: 23 24 25 26, on right: 22
Statement (71)
    on left: 27 28, on right: 12 14 30
StatementList (72)
    on left: 29 30 31 32 33 34, on right: 28 29 30 31
Expression (73)
    on left: 35 36 37 38 39 40 41 42 43 44 45 46 47, on right: 17 30
    31 32 33 34 35 36 37 38 44 46 47 61 62
BinaryOperator (74)
    on left: 48 49 50 51 52 53 54 55 56, on right: 35
MethodCall (75)
    on left: 57, on right: 37 38
FunctionCall (76)
    on left: 58, on right: 38
ExpressionList (77)
    on left: 59 60, on right: 58
Expressions (78)
    on left: 61 62, on right: 60
True (79)
    on left: 63, on right: 40
False (80)
    on left: 64, on right: 41
This (81)
    on left: 65, on right: 43
ClassWord (82)
    on left: 66, on right: 2 6
EndOfFile (83)
    on left: 67, on right: 1
ExtendsWord (84)
    on left: 68, on right: 8
Equals (85)
    on left: 69, on right: 33 34
If (86)
    on left: 70, on right: 30
Integer (87)
    on left: 71, on right: 23 24 44
IntegerLiteral (88)
    on left: 72, on right: 39
Boolean (89)
    on left: 73, on right: 25
LeftBrace (90)
    on left: 74, on right: 2 5 12 14 29
RightBrace (91)
    on left: 75, on right: 2 5 12 14 29
LeftRoundBracket (92)
    on left: 76, on right: 18 19 30 31 32 45 47 58
RightRoundBracket (93)
    on left: 77, on right: 18 19 30 31 32 45 47 58
Length (94)
    on left: 78, on right: 37
New (95)
    on left: 79, on right: 44 45
Not (96)
    on left: 80, on right: 46
Print (97)
    on left: 81, on right: 32
Semicolon (98)
    on left: 82, on right: 17 22 32 33 34
While (99)
    on left: 83, on right: 31


State 0

    0 $accept: . Goal $end

    PT_Class  shift, and go to state 1

    Goal       go to state 2
    MainClass  go to state 3
    ClassWord  go to state 4


State 1

   66 ClassWord: PT_Class .

    $default  reduce using rule 66 (ClassWord)


State 2

    0 $accept: Goal . $end

    $end  shift, and go to state 5


State 3

    1 Goal: MainClass . ClassDeclaration EndOfFile

    PT_Class  shift, and go to state 1

    $default  reduce using rule 3 (ClassDeclaration)

    ClassDeclaration  go to state 6
    Class             go to state 7
    ClassStart        go to state 8
    ClassWord         go to state 9


State 4

    2 MainClass: ClassWord . PT_ID LeftBrace MainFunction RightBrace

    PT_ID  shift, and go to state 10


State 5

    0 $accept: Goal $end .

    $default  accept


State 6

    1 Goal: MainClass ClassDeclaration . EndOfFile

    PT_EOF  shift, and go to state 11

    EndOfFile  go to state 12


State 7

    4 ClassDeclaration: Class . ClassDeclaration

    PT_Class  shift, and go to state 1

    $default  reduce using rule 3 (ClassDeclaration)

    ClassDeclaration  go to state 13
    Class             go to state 7
    ClassStart        go to state 8
    ClassWord         go to state 9


State 8

    5 Class: ClassStart . LeftBrace ClassInternals RightBrace

    PT_LeftBrace  shift, and go to state 14

    LeftBrace  go to state 15


State 9

    6 ClassStart: ClassWord . PT_ID Extends

    PT_ID  shift, and go to state 16


State 10

    2 MainClass: ClassWord PT_ID . LeftBrace MainFunction RightBrace

    PT_LeftBrace  shift, and go to state 14

    LeftBrace  go to state 17


State 11

   67 EndOfFile: PT_EOF .

    $default  reduce using rule 67 (EndOfFile)


State 12

    1 Goal: MainClass ClassDeclaration EndOfFile .

    $default  reduce using rule 1 (Goal)


State 13

    4 ClassDeclaration: Class ClassDeclaration .

    $default  reduce using rule 4 (ClassDeclaration)


State 14

   74 LeftBrace: PT_LeftBrace .

    $default  reduce using rule 74 (LeftBrace)


State 15

    5 Class: ClassStart LeftBrace . ClassInternals RightBrace

    PT_Integer  shift, and go to state 18
    PT_Boolean  shift, and go to state 19
    PT_Public   shift, and go to state 20
    PT_Private  shift, and go to state 21
    PT_ID       shift, and go to state 22

    $default  reduce using rule 9 (ClassInternals)

    ClassInternals  go to state 23
    Function        go to state 24
    Visibility      go to state 25
    Variable        go to state 26
    Type            go to state 27
    Integer         go to state 28
    Boolean         go to state 29


State 16

    6 ClassStart: ClassWord PT_ID . Extends

    PT_Extends  shift, and go to state 30

    $default  reduce using rule 7 (Extends)

    Extends      go to state 31
    ExtendsWord  go to state 32


State 17

    2 MainClass: ClassWord PT_ID LeftBrace . MainFunction RightBrace

    PT_Public  shift, and go to state 33

    MainFunction  go to state 34


State 18

   71 Integer: PT_Integer .

    $default  reduce using rule 71 (Integer)


State 19

   73 Boolean: PT_Boolean .

    $default  reduce using rule 73 (Boolean)


State 20

   15 Visibility: PT_Public .

    $default  reduce using rule 15 (Visibility)


State 21

   16 Visibility: PT_Private .

    $default  reduce using rule 16 (Visibility)


State 22

   26 Type: PT_ID .

    $default  reduce using rule 26 (Type)


State 23

    5 Class: ClassStart LeftBrace ClassInternals . RightBrace

    PT_RightBrace  shift, and go to state 35

    RightBrace  go to state 36


State 24

   10 ClassInternals: Function . ClassInternals

    PT_Integer  shift, and go to state 18
    PT_Boolean  shift, and go to state 19
    PT_Public   shift, and go to state 20
    PT_Private  shift, and go to state 21
    PT_ID       shift, and go to state 22

    $default  reduce using rule 9 (ClassInternals)

    ClassInternals  go to state 37
    Function        go to state 24
    Visibility      go to state 25
    Variable        go to state 26
    Type            go to state 27
    Integer         go to state 28
    Boolean         go to state 29


State 25

   14 Function: Visibility . PT_ID ArgumentsList LeftBrace Statement Return RightBrace

    PT_ID  shift, and go to state 38


State 26

   11 ClassInternals: Variable . ClassInternals

    PT_Integer  shift, and go to state 18
    PT_Boolean  shift, and go to state 19
    PT_Public   shift, and go to state 20
    PT_Private  shift, and go to state 21
    PT_ID       shift, and go to state 22

    $default  reduce using rule 9 (ClassInternals)

    ClassInternals  go to state 39
    Function        go to state 24
    Visibility      go to state 25
    Variable        go to state 26
    Type            go to state 27
    Integer         go to state 28
    Boolean         go to state 29


State 27

   22 Variable: Type . PT_ID Semicolon

    PT_ID  shift, and go to state 40


State 28

   23 Type: Integer .
   24     | Integer . PT_LeftSquareBracket PT_RightSquareBracket

    PT_LeftSquareBracket  shift, and go to state 41

    $default  reduce using rule 23 (Type)


State 29

   25 Type: Boolean .

    $default  reduce using rule 25 (Type)


State 30

   68 ExtendsWord: PT_Extends .

    $default  reduce using rule 68 (ExtendsWord)


State 31

    6 ClassStart: ClassWord PT_ID Extends .

    $default  reduce using rule 6 (ClassStart)


State 32

    8 Extends: ExtendsWord . PT_ID

    PT_ID  shift, and go to state 42


State 33

   12 MainFunction: PT_Public . PT_Static PT_Void PT_Main MainArgument LeftBrace Statement RightBrace

    PT_Static  shift, and go to state 43


State 34

    2 MainClass: ClassWord PT_ID LeftBrace MainFunction . RightBrace

    PT_RightBrace  shift, and go to state 35

    RightBrace  go to state 44


State 35

   75 RightBrace: PT_RightBrace .

    $default  reduce using rule 75 (RightBrace)


State 36

    5 Class: ClassStart LeftBrace ClassInternals RightBrace .

    $default  reduce using rule 5 (Class)


State 37

   10 ClassInternals: Function ClassInternals .

    $default  reduce using rule 10 (ClassInternals)


State 38

   14 Function: Visibility PT_ID . ArgumentsList LeftBrace Statement Return RightBrace

    PT_LeftRoundBracket  shift, and go to state 45

    ArgumentsList     go to state 46
    LeftRoundBracket  go to state 47


State 39

   11 ClassInternals: Variable ClassInternals .

    $default  reduce using rule 11 (ClassInternals)


State 40

   22 Variable: Type PT_ID . Semicolon

    PT_Semicolon  shift, and go to state 48

    Semicolon  go to state 49


State 41

   24 Type: Integer PT_LeftSquareBracket . PT_RightSquareBracket

    PT_RightSquareBracket  shift, and go to state 50


State 42

    8 Extends: ExtendsWord PT_ID .

    $default  reduce using rule 8 (Extends)


State 43

   12 MainFunction: PT_Public PT_Static . PT_Void PT_Main MainArgument LeftBrace Statement RightBrace

    PT_Void  shift, and go to state 51


State 44

    2 MainClass: ClassWord PT_ID LeftBrace MainFunction RightBrace .

    $default  reduce using rule 2 (MainClass)


State 45

   76 LeftRoundBracket: PT_LeftRoundBracket .

    $default  reduce using rule 76 (LeftRoundBracket)


State 46

   14 Function: Visibility PT_ID ArgumentsList . LeftBrace Statement Return RightBrace

    PT_LeftBrace  shift, and go to state 14

    LeftBrace  go to state 52


State 47

   18 ArgumentsList: LeftRoundBracket . RightRoundBracket
   19              | LeftRoundBracket . Argument RightRoundBracket

    PT_Integer            shift, and go to state 18
    PT_Boolean            shift, and go to state 19
    PT_ID                 shift, and go to state 22
    PT_RightRoundBracket  shift, and go to state 53

    Argument           go to state 54
    Variable           go to state 55
    Type               go to state 27
    Integer            go to state 28
    Boolean            go to state 29
    RightRoundBracket  go to state 56


State 48

   82 Semicolon: PT_Semicolon .

    $default  reduce using rule 82 (Semicolon)


State 49

   22 Variable: Type PT_ID Semicolon .

    $default  reduce using rule 22 (Variable)


State 50

   24 Type: Integer PT_LeftSquareBracket PT_RightSquareBracket .

    $default  reduce using rule 24 (Type)


State 51

   12 MainFunction: PT_Public PT_Static PT_Void . PT_Main MainArgument LeftBrace Statement RightBrace

    PT_Main  shift, and go to state 57


State 52

   14 Function: Visibility PT_ID ArgumentsList LeftBrace . Statement Return RightBrace

    PT_Print      shift, and go to state 58
    PT_If         shift, and go to state 59
    PT_While      shift, and go to state 60
    PT_ID         shift, and go to state 61
    PT_LeftBrace  shift, and go to state 14

    $default  reduce using rule 27 (Statement)

    Statement      go to state 62
    StatementList  go to state 63
    If             go to state 64
    LeftBrace      go to state 65
    Print          go to state 66
    While          go to state 67


State 53

   77 RightRoundBracket: PT_RightRoundBracket .

    $default  reduce using rule 77 (RightRoundBracket)


State 54

   19 ArgumentsList: LeftRoundBracket Argument . RightRoundBracket

    PT_RightRoundBracket  shift, and go to state 53

    RightRoundBracket  go to state 68


State 55

   20 Argument: Variable .
   21         | Variable . PT_Coma Argument

    PT_Coma  shift, and go to state 69

    $default  reduce using rule 20 (Argument)


State 56

   18 ArgumentsList: LeftRoundBracket RightRoundBracket .

    $default  reduce using rule 18 (ArgumentsList)


State 57

   12 MainFunction: PT_Public PT_Static PT_Void PT_Main . MainArgument LeftBrace Statement RightBrace

    PT_String  shift, and go to state 70

    MainArgument  go to state 71


State 58

   81 Print: PT_Print .

    $default  reduce using rule 81 (Print)


State 59

   70 If: PT_If .

    $default  reduce using rule 70 (If)


State 60

   83 While: PT_While .

    $default  reduce using rule 83 (While)


State 61

   33 StatementList: PT_ID . Equals Expression Semicolon
   34              | PT_ID . PT_LeftSquareBracket Expression PT_RightSquareBracket Equals Expression Semicolon

    PT_LeftSquareBracket  shift, and go to state 72
    PT_Equal              shift, and go to state 73

    Equals  go to state 74


State 62

   14 Function: Visibility PT_ID ArgumentsList LeftBrace Statement . Return RightBrace

    PT_Return  shift, and go to state 75

    Return  go to state 76


State 63

   28 Statement: StatementList .

    $default  reduce using rule 28 (Statement)


State 64

   30 StatementList: If . LeftRoundBracket Expression RightRoundBracket StatementList PT_Else Statement

    PT_LeftRoundBracket  shift, and go to state 45

    LeftRoundBracket  go to state 77


State 65

   29 StatementList: LeftBrace . StatementList RightBrace

    PT_Print      shift, and go to state 58
    PT_If         shift, and go to state 59
    PT_While      shift, and go to state 60
    PT_ID         shift, and go to state 61
    PT_LeftBrace  shift, and go to state 14

    StatementList  go to state 78
    If             go to state 64
    LeftBrace      go to state 65
    Print          go to state 66
    While          go to state 67


State 66

   32 StatementList: Print . LeftRoundBracket Expression RightRoundBracket Semicolon

    PT_LeftRoundBracket  shift, and go to state 45

    LeftRoundBracket  go to state 79


State 67

   31 StatementList: While . LeftRoundBracket Expression RightRoundBracket StatementList

    PT_LeftRoundBracket  shift, and go to state 45

    LeftRoundBracket  go to state 80


State 68

   19 ArgumentsList: LeftRoundBracket Argument RightRoundBracket .

    $default  reduce using rule 19 (ArgumentsList)


State 69

   21 Argument: Variable PT_Coma . Argument

    PT_Integer  shift, and go to state 18
    PT_Boolean  shift, and go to state 19
    PT_ID       shift, and go to state 22

    Argument  go to state 81
    Variable  go to state 55
    Type      go to state 27
    Integer   go to state 28
    Boolean   go to state 29


State 70

   13 MainArgument: PT_String . PT_LeftSquareBracket PT_RightSquareBracket PT_ID

    PT_LeftSquareBracket  shift, and go to state 82


State 71

   12 MainFunction: PT_Public PT_Static PT_Void PT_Main MainArgument . LeftBrace Statement RightBrace

    PT_LeftBrace  shift, and go to state 14

    LeftBrace  go to state 83


State 72

   34 StatementList: PT_ID PT_LeftSquareBracket . Expression PT_RightSquareBracket Equals Expression Semicolon

    PT_Number            shift, and go to state 84
    PT_True              shift, and go to state 85
    PT_False             shift, and go to state 86
    PT_This              shift, and go to state 87
    PT_New               shift, and go to state 88
    PT_ID                shift, and go to state 89
    PT_LeftRoundBracket  shift, and go to state 45
    PT_Negation          shift, and go to state 90

    Expression        go to state 91
    True              go to state 92
    False             go to state 93
    This              go to state 94
    IntegerLiteral    go to state 95
    LeftRoundBracket  go to state 96
    New               go to state 97
    Not               go to state 98


State 73

   69 Equals: PT_Equal .

    $default  reduce using rule 69 (Equals)


State 74

   33 StatementList: PT_ID Equals . Expression Semicolon

    PT_Number            shift, and go to state 84
    PT_True              shift, and go to state 85
    PT_False             shift, and go to state 86
    PT_This              shift, and go to state 87
    PT_New               shift, and go to state 88
    PT_ID                shift, and go to state 89
    PT_LeftRoundBracket  shift, and go to state 45
    PT_Negation          shift, and go to state 90

    Expression        go to state 99
    True              go to state 92
    False             go to state 93
    This              go to state 94
    IntegerLiteral    go to state 95
    LeftRoundBracket  go to state 96
    New               go to state 97
    Not               go to state 98


State 75

   17 Return: PT_Return . Expression Semicolon

    PT_Number            shift, and go to state 84
    PT_True              shift, and go to state 85
    PT_False             shift, and go to state 86
    PT_This              shift, and go to state 87
    PT_New               shift, and go to state 88
    PT_ID                shift, and go to state 89
    PT_LeftRoundBracket  shift, and go to state 45
    PT_Negation          shift, and go to state 90

    Expression        go to state 100
    True              go to state 92
    False             go to state 93
    This              go to state 94
    IntegerLiteral    go to state 95
    LeftRoundBracket  go to state 96
    New               go to state 97
    Not               go to state 98


State 76

   14 Function: Visibility PT_ID ArgumentsList LeftBrace Statement Return . RightBrace

    PT_RightBrace  shift, and go to state 35

    RightBrace  go to state 101


State 77

   30 StatementList: If LeftRoundBracket . Expression RightRoundBracket StatementList PT_Else Statement

    PT_Number            shift, and go to state 84
    PT_True              shift, and go to state 85
    PT_False             shift, and go to state 86
    PT_This              shift, and go to state 87
    PT_New               shift, and go to state 88
    PT_ID                shift, and go to state 89
    PT_LeftRoundBracket  shift, and go to state 45
    PT_Negation          shift, and go to state 90

    Expression        go to state 102
    True              go to state 92
    False             go to state 93
    This              go to state 94
    IntegerLiteral    go to state 95
    LeftRoundBracket  go to state 96
    New               go to state 97
    Not               go to state 98


State 78

   29 StatementList: LeftBrace StatementList . RightBrace

    PT_RightBrace  shift, and go to state 35

    RightBrace  go to state 103


State 79

   32 StatementList: Print LeftRoundBracket . Expression RightRoundBracket Semicolon

    PT_Number            shift, and go to state 84
    PT_True              shift, and go to state 85
    PT_False             shift, and go to state 86
    PT_This              shift, and go to state 87
    PT_New               shift, and go to state 88
    PT_ID                shift, and go to state 89
    PT_LeftRoundBracket  shift, and go to state 45
    PT_Negation          shift, and go to state 90

    Expression        go to state 104
    True              go to state 92
    False             go to state 93
    This              go to state 94
    IntegerLiteral    go to state 95
    LeftRoundBracket  go to state 96
    New               go to state 97
    Not               go to state 98


State 80

   31 StatementList: While LeftRoundBracket . Expression RightRoundBracket StatementList

    PT_Number            shift, and go to state 84
    PT_True              shift, and go to state 85
    PT_False             shift, and go to state 86
    PT_This              shift, and go to state 87
    PT_New               shift, and go to state 88
    PT_ID                shift, and go to state 89
    PT_LeftRoundBracket  shift, and go to state 45
    PT_Negation          shift, and go to state 90

    Expression        go to state 105
    True              go to state 92
    False             go to state 93
    This              go to state 94
    IntegerLiteral    go to state 95
    LeftRoundBracket  go to state 96
    New               go to state 97
    Not               go to state 98


State 81

   21 Argument: Variable PT_Coma Argument .

    $default  reduce using rule 21 (Argument)


State 82

   13 MainArgument: PT_String PT_LeftSquareBracket . PT_RightSquareBracket PT_ID

    PT_RightSquareBracket  shift, and go to state 106


State 83

   12 MainFunction: PT_Public PT_Static PT_Void PT_Main MainArgument LeftBrace . Statement RightBrace

    PT_Print      shift, and go to state 58
    PT_If         shift, and go to state 59
    PT_While      shift, and go to state 60
    PT_ID         shift, and go to state 61
    PT_LeftBrace  shift, and go to state 14

    $default  reduce using rule 27 (Statement)

    Statement      go to state 107
    StatementList  go to state 63
    If             go to state 64
    LeftBrace      go to state 65
    Print          go to state 66
    While          go to state 67


State 84

   72 IntegerLiteral: PT_Number .

    $default  reduce using rule 72 (IntegerLiteral)


State 85

   63 True: PT_True .

    $default  reduce using rule 63 (True)


State 86

   64 False: PT_False .

    $default  reduce using rule 64 (False)


State 87

   65 This: PT_This .

    $default  reduce using rule 65 (This)


State 88

   79 New: PT_New .

    $default  reduce using rule 79 (New)


State 89

   42 Expression: PT_ID .

    $default  reduce using rule 42 (Expression)


State 90

   80 Not: PT_Negation .

    $default  reduce using rule 80 (Not)


State 91

   34 StatementList: PT_ID PT_LeftSquareBracket Expression . PT_RightSquareBracket Equals Expression Semicolon
   35 Expression: Expression . BinaryOperator Expression
   36           | Expression . PT_LeftSquareBracket Expression PT_RightSquareBracket
   37           | Expression . MethodCall Length
   38           | Expression . MethodCall FunctionCall

    PT_Dot                 shift, and go to state 108
    PT_LeftSquareBracket   shift, and go to state 109
    PT_RightSquareBracket  shift, and go to state 110
    PT_Or                  shift, and go to state 111
    PT_And                 shift, and go to state 112
    PT_IntegerDivision     shift, and go to state 113
    PT_Division            shift, and go to state 114
    PT_Multiplication      shift, and go to state 115
    PT_Less                shift, and go to state 116
    PT_More                shift, and go to state 117
    PT_Minus               shift, and go to state 118
    PT_Plus                shift, and go to state 119

    BinaryOperator  go to state 120
    MethodCall      go to state 121


State 92

   40 Expression: True .

    $default  reduce using rule 40 (Expression)


State 93

   41 Expression: False .

    $default  reduce using rule 41 (Expression)


State 94

   43 Expression: This .

    $default  reduce using rule 43 (Expression)


State 95

   39 Expression: IntegerLiteral .

    $default  reduce using rule 39 (Expression)


State 96

   47 Expression: LeftRoundBracket . Expression RightRoundBracket

    PT_Number            shift, and go to state 84
    PT_True              shift, and go to state 85
    PT_False             shift, and go to state 86
    PT_This              shift, and go to state 87
    PT_New               shift, and go to state 88
    PT_ID                shift, and go to state 89
    PT_LeftRoundBracket  shift, and go to state 45
    PT_Negation          shift, and go to state 90

    Expression        go to state 122
    True              go to state 92
    False             go to state 93
    This              go to state 94
    IntegerLiteral    go to state 95
    LeftRoundBracket  go to state 96
    New               go to state 97
    Not               go to state 98


State 97

   44 Expression: New . Integer PT_LeftSquareBracket Expression PT_RightSquareBracket
   45           | New . PT_ID LeftRoundBracket RightRoundBracket

    PT_Integer  shift, and go to state 18
    PT_ID       shift, and go to state 123

    Integer  go to state 124


State 98

   46 Expression: Not . Expression

    PT_Number            shift, and go to state 84
    PT_True              shift, and go to state 85
    PT_False             shift, and go to state 86
    PT_This              shift, and go to state 87
    PT_New               shift, and go to state 88
    PT_ID                shift, and go to state 89
    PT_LeftRoundBracket  shift, and go to state 45
    PT_Negation          shift, and go to state 90

    Expression        go to state 125
    True              go to state 92
    False             go to state 93
    This              go to state 94
    IntegerLiteral    go to state 95
    LeftRoundBracket  go to state 96
    New               go to state 97
    Not               go to state 98


State 99

   33 StatementList: PT_ID Equals Expression . Semicolon
   35 Expression: Expression . BinaryOperator Expression
   36           | Expression . PT_LeftSquareBracket Expression PT_RightSquareBracket
   37           | Expression . MethodCall Length
   38           | Expression . MethodCall FunctionCall

    PT_Semicolon          shift, and go to state 48
    PT_Dot                shift, and go to state 108
    PT_LeftSquareBracket  shift, and go to state 109
    PT_Or                 shift, and go to state 111
    PT_And                shift, and go to state 112
    PT_IntegerDivision    shift, and go to state 113
    PT_Division           shift, and go to state 114
    PT_Multiplication     shift, and go to state 115
    PT_Less               shift, and go to state 116
    PT_More               shift, and go to state 117
    PT_Minus              shift, and go to state 118
    PT_Plus               shift, and go to state 119

    BinaryOperator  go to state 120
    MethodCall      go to state 121
    Semicolon       go to state 126


State 100

   17 Return: PT_Return Expression . Semicolon
   35 Expression: Expression . BinaryOperator Expression
   36           | Expression . PT_LeftSquareBracket Expression PT_RightSquareBracket
   37           | Expression . MethodCall Length
   38           | Expression . MethodCall FunctionCall

    PT_Semicolon          shift, and go to state 48
    PT_Dot                shift, and go to state 108
    PT_LeftSquareBracket  shift, and go to state 109
    PT_Or                 shift, and go to state 111
    PT_And                shift, and go to state 112
    PT_IntegerDivision    shift, and go to state 113
    PT_Division           shift, and go to state 114
    PT_Multiplication     shift, and go to state 115
    PT_Less               shift, and go to state 116
    PT_More               shift, and go to state 117
    PT_Minus              shift, and go to state 118
    PT_Plus               shift, and go to state 119

    BinaryOperator  go to state 120
    MethodCall      go to state 121
    Semicolon       go to state 127


State 101

   14 Function: Visibility PT_ID ArgumentsList LeftBrace Statement Return RightBrace .

    $default  reduce using rule 14 (Function)


State 102

   30 StatementList: If LeftRoundBracket Expression . RightRoundBracket StatementList PT_Else Statement
   35 Expression: Expression . BinaryOperator Expression
   36           | Expression . PT_LeftSquareBracket Expression PT_RightSquareBracket
   37           | Expression . MethodCall Length
   38           | Expression . MethodCall FunctionCall

    PT_Dot                shift, and go to state 108
    PT_LeftSquareBracket  shift, and go to state 109
    PT_RightRoundBracket  shift, and go to state 53
    PT_Or                 shift, and go to state 111
    PT_And                shift, and go to state 112
    PT_IntegerDivision    shift, and go to state 113
    PT_Division           shift, and go to state 114
    PT_Multiplication     shift, and go to state 115
    PT_Less               shift, and go to state 116
    PT_More               shift, and go to state 117
    PT_Minus              shift, and go to state 118
    PT_Plus               shift, and go to state 119

    BinaryOperator     go to state 120
    MethodCall         go to state 121
    RightRoundBracket  go to state 128


State 103

   29 StatementList: LeftBrace StatementList RightBrace .

    $default  reduce using rule 29 (StatementList)


State 104

   32 StatementList: Print LeftRoundBracket Expression . RightRoundBracket Semicolon
   35 Expression: Expression . BinaryOperator Expression
   36           | Expression . PT_LeftSquareBracket Expression PT_RightSquareBracket
   37           | Expression . MethodCall Length
   38           | Expression . MethodCall FunctionCall

    PT_Dot                shift, and go to state 108
    PT_LeftSquareBracket  shift, and go to state 109
    PT_RightRoundBracket  shift, and go to state 53
    PT_Or                 shift, and go to state 111
    PT_And                shift, and go to state 112
    PT_IntegerDivision    shift, and go to state 113
    PT_Division           shift, and go to state 114
    PT_Multiplication     shift, and go to state 115
    PT_Less               shift, and go to state 116
    PT_More               shift, and go to state 117
    PT_Minus              shift, and go to state 118
    PT_Plus               shift, and go to state 119

    BinaryOperator     go to state 120
    MethodCall         go to state 121
    RightRoundBracket  go to state 129


State 105

   31 StatementList: While LeftRoundBracket Expression . RightRoundBracket StatementList
   35 Expression: Expression . BinaryOperator Expression
   36           | Expression . PT_LeftSquareBracket Expression PT_RightSquareBracket
   37           | Expression . MethodCall Length
   38           | Expression . MethodCall FunctionCall

    PT_Dot                shift, and go to state 108
    PT_LeftSquareBracket  shift, and go to state 109
    PT_RightRoundBracket  shift, and go to state 53
    PT_Or                 shift, and go to state 111
    PT_And                shift, and go to state 112
    PT_IntegerDivision    shift, and go to state 113
    PT_Division           shift, and go to state 114
    PT_Multiplication     shift, and go to state 115
    PT_Less               shift, and go to state 116
    PT_More               shift, and go to state 117
    PT_Minus              shift, and go to state 118
    PT_Plus               shift, and go to state 119

    BinaryOperator     go to state 120
    MethodCall         go to state 121
    RightRoundBracket  go to state 130


State 106

   13 MainArgument: PT_String PT_LeftSquareBracket PT_RightSquareBracket . PT_ID

    PT_ID  shift, and go to state 131


State 107

   12 MainFunction: PT_Public PT_Static PT_Void PT_Main MainArgument LeftBrace Statement . RightBrace

    PT_RightBrace  shift, and go to state 35

    RightBrace  go to state 132


State 108

   57 MethodCall: PT_Dot .

    $default  reduce using rule 57 (MethodCall)


State 109

   36 Expression: Expression PT_LeftSquareBracket . Expression PT_RightSquareBracket

    PT_Number            shift, and go to state 84
    PT_True              shift, and go to state 85
    PT_False             shift, and go to state 86
    PT_This              shift, and go to state 87
    PT_New               shift, and go to state 88
    PT_ID                shift, and go to state 89
    PT_LeftRoundBracket  shift, and go to state 45
    PT_Negation          shift, and go to state 90

    Expression        go to state 133
    True              go to state 92
    False             go to state 93
    This              go to state 94
    IntegerLiteral    go to state 95
    LeftRoundBracket  go to state 96
    New               go to state 97
    Not               go to state 98


State 110

   34 StatementList: PT_ID PT_LeftSquareBracket Expression PT_RightSquareBracket . Equals Expression Semicolon

    PT_Equal  shift, and go to state 73

    Equals  go to state 134


State 111

   53 BinaryOperator: PT_Or .

    $default  reduce using rule 53 (BinaryOperator)


State 112

   52 BinaryOperator: PT_And .

    $default  reduce using rule 52 (BinaryOperator)


State 113

   51 BinaryOperator: PT_IntegerDivision .

    $default  reduce using rule 51 (BinaryOperator)


State 114

   50 BinaryOperator: PT_Division .

    $default  reduce using rule 50 (BinaryOperator)


State 115

   54 BinaryOperator: PT_Multiplication .

    $default  reduce using rule 54 (BinaryOperator)


State 116

   55 BinaryOperator: PT_Less .

    $default  reduce using rule 55 (BinaryOperator)


State 117

   56 BinaryOperator: PT_More .

    $default  reduce using rule 56 (BinaryOperator)


State 118

   49 BinaryOperator: PT_Minus .

    $default  reduce using rule 49 (BinaryOperator)


State 119

   48 BinaryOperator: PT_Plus .

    $default  reduce using rule 48 (BinaryOperator)


State 120

   35 Expression: Expression BinaryOperator . Expression

    PT_Number            shift, and go to state 84
    PT_True              shift, and go to state 85
    PT_False             shift, and go to state 86
    PT_This              shift, and go to state 87
    PT_New               shift, and go to state 88
    PT_ID                shift, and go to state 89
    PT_LeftRoundBracket  shift, and go to state 45
    PT_Negation          shift, and go to state 90

    Expression        go to state 135
    True              go to state 92
    False             go to state 93
    This              go to state 94
    IntegerLiteral    go to state 95
    LeftRoundBracket  go to state 96
    New               go to state 97
    Not               go to state 98


State 121

   37 Expression: Expression MethodCall . Length
   38           | Expression MethodCall . FunctionCall

    PT_Length  shift, and go to state 136
    PT_ID      shift, and go to state 137

    FunctionCall  go to state 138
    Length        go to state 139


State 122

   35 Expression: Expression . BinaryOperator Expression
   36           | Expression . PT_LeftSquareBracket Expression PT_RightSquareBracket
   37           | Expression . MethodCall Length
   38           | Expression . MethodCall FunctionCall
   47           | LeftRoundBracket Expression . RightRoundBracket

    PT_Dot                shift, and go to state 108
    PT_LeftSquareBracket  shift, and go to state 109
    PT_RightRoundBracket  shift, and go to state 53
    PT_Or                 shift, and go to state 111
    PT_And                shift, and go to state 112
    PT_IntegerDivision    shift, and go to state 113
    PT_Division           shift, and go to state 114
    PT_Multiplication     shift, and go to state 115
    PT_Less               shift, and go to state 116
    PT_More               shift, and go to state 117
    PT_Minus              shift, and go to state 118
    PT_Plus               shift, and go to state 119

    BinaryOperator     go to state 120
    MethodCall         go to state 121
    RightRoundBracket  go to state 140


State 123

   45 Expression: New PT_ID . LeftRoundBracket RightRoundBracket

    PT_LeftRoundBracket  shift, and go to state 45

    LeftRoundBracket  go to state 141


State 124

   44 Expression: New Integer . PT_LeftSquareBracket Expression PT_RightSquareBracket

    PT_LeftSquareBracket  shift, and go to state 142


State 125

   35 Expression: Expression . BinaryOperator Expression
   36           | Expression . PT_LeftSquareBracket Expression PT_RightSquareBracket
   37           | Expression . MethodCall Length
   38           | Expression . MethodCall FunctionCall
   46           | Not Expression .

    $default  reduce using rule 46 (Expression)

    BinaryOperator  go to state 120
    MethodCall      go to state 121


State 126

   33 StatementList: PT_ID Equals Expression Semicolon .

    $default  reduce using rule 33 (StatementList)


State 127

   17 Return: PT_Return Expression Semicolon .

    $default  reduce using rule 17 (Return)


State 128

   30 StatementList: If LeftRoundBracket Expression RightRoundBracket . StatementList PT_Else Statement

    PT_Print      shift, and go to state 58
    PT_If         shift, and go to state 59
    PT_While      shift, and go to state 60
    PT_ID         shift, and go to state 61
    PT_LeftBrace  shift, and go to state 14

    StatementList  go to state 143
    If             go to state 64
    LeftBrace      go to state 65
    Print          go to state 66
    While          go to state 67


State 129

   32 StatementList: Print LeftRoundBracket Expression RightRoundBracket . Semicolon

    PT_Semicolon  shift, and go to state 48

    Semicolon  go to state 144


State 130

   31 StatementList: While LeftRoundBracket Expression RightRoundBracket . StatementList

    PT_Print      shift, and go to state 58
    PT_If         shift, and go to state 59
    PT_While      shift, and go to state 60
    PT_ID         shift, and go to state 61
    PT_LeftBrace  shift, and go to state 14

    StatementList  go to state 145
    If             go to state 64
    LeftBrace      go to state 65
    Print          go to state 66
    While          go to state 67


State 131

   13 MainArgument: PT_String PT_LeftSquareBracket PT_RightSquareBracket PT_ID .

    $default  reduce using rule 13 (MainArgument)


State 132

   12 MainFunction: PT_Public PT_Static PT_Void PT_Main MainArgument LeftBrace Statement RightBrace .

    $default  reduce using rule 12 (MainFunction)


State 133

   35 Expression: Expression . BinaryOperator Expression
   36           | Expression . PT_LeftSquareBracket Expression PT_RightSquareBracket
   36           | Expression PT_LeftSquareBracket Expression . PT_RightSquareBracket
   37           | Expression . MethodCall Length
   38           | Expression . MethodCall FunctionCall

    PT_Dot                 shift, and go to state 108
    PT_LeftSquareBracket   shift, and go to state 109
    PT_RightSquareBracket  shift, and go to state 146
    PT_Or                  shift, and go to state 111
    PT_And                 shift, and go to state 112
    PT_IntegerDivision     shift, and go to state 113
    PT_Division            shift, and go to state 114
    PT_Multiplication      shift, and go to state 115
    PT_Less                shift, and go to state 116
    PT_More                shift, and go to state 117
    PT_Minus               shift, and go to state 118
    PT_Plus                shift, and go to state 119

    BinaryOperator  go to state 120
    MethodCall      go to state 121


State 134

   34 StatementList: PT_ID PT_LeftSquareBracket Expression PT_RightSquareBracket Equals . Expression Semicolon

    PT_Number            shift, and go to state 84
    PT_True              shift, and go to state 85
    PT_False             shift, and go to state 86
    PT_This              shift, and go to state 87
    PT_New               shift, and go to state 88
    PT_ID                shift, and go to state 89
    PT_LeftRoundBracket  shift, and go to state 45
    PT_Negation          shift, and go to state 90

    Expression        go to state 147
    True              go to state 92
    False             go to state 93
    This              go to state 94
    IntegerLiteral    go to state 95
    LeftRoundBracket  go to state 96
    New               go to state 97
    Not               go to state 98


State 135

   35 Expression: Expression . BinaryOperator Expression
   35           | Expression BinaryOperator Expression .
   36           | Expression . PT_LeftSquareBracket Expression PT_RightSquareBracket
   37           | Expression . MethodCall Length
   38           | Expression . MethodCall FunctionCall

    $default  reduce using rule 35 (Expression)

    BinaryOperator  go to state 120
    MethodCall      go to state 121


State 136

   78 Length: PT_Length .

    $default  reduce using rule 78 (Length)


State 137

   58 FunctionCall: PT_ID . LeftRoundBracket ExpressionList RightRoundBracket

    PT_LeftRoundBracket  shift, and go to state 45

    LeftRoundBracket  go to state 148


State 138

   38 Expression: Expression MethodCall FunctionCall .

    $default  reduce using rule 38 (Expression)


State 139

   37 Expression: Expression MethodCall Length .

    $default  reduce using rule 37 (Expression)


State 140

   47 Expression: LeftRoundBracket Expression RightRoundBracket .

    $default  reduce using rule 47 (Expression)


State 141

   45 Expression: New PT_ID LeftRoundBracket . RightRoundBracket

    PT_RightRoundBracket  shift, and go to state 53

    RightRoundBracket  go to state 149


State 142

   44 Expression: New Integer PT_LeftSquareBracket . Expression PT_RightSquareBracket

    PT_Number            shift, and go to state 84
    PT_True              shift, and go to state 85
    PT_False             shift, and go to state 86
    PT_This              shift, and go to state 87
    PT_New               shift, and go to state 88
    PT_ID                shift, and go to state 89
    PT_LeftRoundBracket  shift, and go to state 45
    PT_Negation          shift, and go to state 90

    Expression        go to state 150
    True              go to state 92
    False             go to state 93
    This              go to state 94
    IntegerLiteral    go to state 95
    LeftRoundBracket  go to state 96
    New               go to state 97
    Not               go to state 98


State 143

   30 StatementList: If LeftRoundBracket Expression RightRoundBracket StatementList . PT_Else Statement

    PT_Else  shift, and go to state 151


State 144

   32 StatementList: Print LeftRoundBracket Expression RightRoundBracket Semicolon .

    $default  reduce using rule 32 (StatementList)


State 145

   31 StatementList: While LeftRoundBracket Expression RightRoundBracket StatementList .

    $default  reduce using rule 31 (StatementList)


State 146

   36 Expression: Expression PT_LeftSquareBracket Expression PT_RightSquareBracket .

    $default  reduce using rule 36 (Expression)


State 147

   34 StatementList: PT_ID PT_LeftSquareBracket Expression PT_RightSquareBracket Equals Expression . Semicolon
   35 Expression: Expression . BinaryOperator Expression
   36           | Expression . PT_LeftSquareBracket Expression PT_RightSquareBracket
   37           | Expression . MethodCall Length
   38           | Expression . MethodCall FunctionCall

    PT_Semicolon          shift, and go to state 48
    PT_Dot                shift, and go to state 108
    PT_LeftSquareBracket  shift, and go to state 109
    PT_Or                 shift, and go to state 111
    PT_And                shift, and go to state 112
    PT_IntegerDivision    shift, and go to state 113
    PT_Division           shift, and go to state 114
    PT_Multiplication     shift, and go to state 115
    PT_Less               shift, and go to state 116
    PT_More               shift, and go to state 117
    PT_Minus              shift, and go to state 118
    PT_Plus               shift, and go to state 119

    BinaryOperator  go to state 120
    MethodCall      go to state 121
    Semicolon       go to state 152


State 148

   58 FunctionCall: PT_ID LeftRoundBracket . ExpressionList RightRoundBracket

    PT_Number            shift, and go to state 84
    PT_True              shift, and go to state 85
    PT_False             shift, and go to state 86
    PT_This              shift, and go to state 87
    PT_New               shift, and go to state 88
    PT_ID                shift, and go to state 89
    PT_LeftRoundBracket  shift, and go to state 45
    PT_Negation          shift, and go to state 90

    $default  reduce using rule 59 (ExpressionList)

    Expression        go to state 153
    ExpressionList    go to state 154
    Expressions       go to state 155
    True              go to state 92
    False             go to state 93
    This              go to state 94
    IntegerLiteral    go to state 95
    LeftRoundBracket  go to state 96
    New               go to state 97
    Not               go to state 98


State 149

   45 Expression: New PT_ID LeftRoundBracket RightRoundBracket .

    $default  reduce using rule 45 (Expression)


State 150

   35 Expression: Expression . BinaryOperator Expression
   36           | Expression . PT_LeftSquareBracket Expression PT_RightSquareBracket
   37           | Expression . MethodCall Length
   38           | Expression . MethodCall FunctionCall
   44           | New Integer PT_LeftSquareBracket Expression . PT_RightSquareBracket

    PT_Dot                 shift, and go to state 108
    PT_LeftSquareBracket   shift, and go to state 109
    PT_RightSquareBracket  shift, and go to state 156
    PT_Or                  shift, and go to state 111
    PT_And                 shift, and go to state 112
    PT_IntegerDivision     shift, and go to state 113
    PT_Division            shift, and go to state 114
    PT_Multiplication      shift, and go to state 115
    PT_Less                shift, and go to state 116
    PT_More                shift, and go to state 117
    PT_Minus               shift, and go to state 118
    PT_Plus                shift, and go to state 119

    BinaryOperator  go to state 120
    MethodCall      go to state 121


State 151

   30 StatementList: If LeftRoundBracket Expression RightRoundBracket StatementList PT_Else . Statement

    PT_Print      shift, and go to state 58
    PT_If         shift, and go to state 59
    PT_While      shift, and go to state 60
    PT_ID         shift, and go to state 61
    PT_LeftBrace  shift, and go to state 14

    $default  reduce using rule 27 (Statement)

    Statement      go to state 157
    StatementList  go to state 63
    If             go to state 64
    LeftBrace      go to state 65
    Print          go to state 66
    While          go to state 67


State 152

   34 StatementList: PT_ID PT_LeftSquareBracket Expression PT_RightSquareBracket Equals Expression Semicolon .

    $default  reduce using rule 34 (StatementList)


State 153

   35 Expression: Expression . BinaryOperator Expression
   36           | Expression . PT_LeftSquareBracket Expression PT_RightSquareBracket
   37           | Expression . MethodCall Length
   38           | Expression . MethodCall FunctionCall
   61 Expressions: Expression .
   62            | Expression . PT_Coma Expression

    PT_Dot                shift, and go to state 108
    PT_Coma               shift, and go to state 158
    PT_LeftSquareBracket  shift, and go to state 109
    PT_Or                 shift, and go to state 111
    PT_And                shift, and go to state 112
    PT_IntegerDivision    shift, and go to state 113
    PT_Division           shift, and go to state 114
    PT_Multiplication     shift, and go to state 115
    PT_Less               shift, and go to state 116
    PT_More               shift, and go to state 117
    PT_Minus              shift, and go to state 118
    PT_Plus               shift, and go to state 119

    $default  reduce using rule 61 (Expressions)

    BinaryOperator  go to state 120
    MethodCall      go to state 121


State 154

   58 FunctionCall: PT_ID LeftRoundBracket ExpressionList . RightRoundBracket

    PT_RightRoundBracket  shift, and go to state 53

    RightRoundBracket  go to state 159


State 155

   60 ExpressionList: Expressions .

    $default  reduce using rule 60 (ExpressionList)


State 156

   44 Expression: New Integer PT_LeftSquareBracket Expression PT_RightSquareBracket .

    $default  reduce using rule 44 (Expression)


State 157

   30 StatementList: If LeftRoundBracket Expression RightRoundBracket StatementList PT_Else Statement .

    $default  reduce using rule 30 (StatementList)


State 158

   62 Expressions: Expression PT_Coma . Expression

    PT_Number            shift, and go to state 84
    PT_True              shift, and go to state 85
    PT_False             shift, and go to state 86
    PT_This              shift, and go to state 87
    PT_New               shift, and go to state 88
    PT_ID                shift, and go to state 89
    PT_LeftRoundBracket  shift, and go to state 45
    PT_Negation          shift, and go to state 90

    Expression        go to state 160
    True              go to state 92
    False             go to state 93
    This              go to state 94
    IntegerLiteral    go to state 95
    LeftRoundBracket  go to state 96
    New               go to state 97
    Not               go to state 98


State 159

   58 FunctionCall: PT_ID LeftRoundBracket ExpressionList RightRoundBracket .

    $default  reduce using rule 58 (FunctionCall)


State 160

   35 Expression: Expression . BinaryOperator Expression
   36           | Expression . PT_LeftSquareBracket Expression PT_RightSquareBracket
   37           | Expression . MethodCall Length
   38           | Expression . MethodCall FunctionCall
   62 Expressions: Expression PT_Coma Expression .

    PT_Dot                shift, and go to state 108
    PT_LeftSquareBracket  shift, and go to state 109
    PT_Or                 shift, and go to state 111
    PT_And                shift, and go to state 112
    PT_IntegerDivision    shift, and go to state 113
    PT_Division           shift, and go to state 114
    PT_Multiplication     shift, and go to state 115
    PT_Less               shift, and go to state 116
    PT_More               shift, and go to state 117
    PT_Minus              shift, and go to state 118
    PT_Plus               shift, and go to state 119

    $default  reduce using rule 62 (Expressions)

    BinaryOperator  go to state 120
    MethodCall      go to state 121
